<?xml version="1.0" encoding="UTF-8"?>
<!-- Generated by org.testng.reporters.JUnitReportReporter -->
<testsuite skipped="0" hostname="DESKTOP-GRFQ9AT" name="com.dataprovider.ExcelRead" tests="5" failures="0" timestamp="20 Oct 2021 10:47:38 GMT" time="0.048" errors="0">
  <testcase name="tc_01" time="0.003" classname="com.dataprovider.ExcelRead"/>
  <testcase name="tc_01" time="0.030" classname="com.dataprovider.ExcelRead"/>
  <testcase name="tc_01" time="0.003" classname="com.dataprovider.ExcelRead"/>
  <testcase name="tc_01" time="0.007" classname="com.dataprovider.ExcelRead"/>
  <testcase name="tc_01" time="0.005" classname="com.dataprovider.ExcelRead"/>
</testsuite> <!-- com.dataprovider.ExcelRead -->
