<?xml version="1.0" encoding="UTF-8"?>
<!-- Generated by org.testng.reporters.JUnitReportReporter -->
<testsuite skipped="1" hostname="DESKTOP-GRFQ9AT" name="demotestng.Testparameters" tests="2" failures="0" timestamp="30 Sep 2021 02:28:51 GMT" time="0.032" errors="0">
  <testcase name="m2" time="0.032" classname="demotestng.Testparameters"/>
  <testcase name="m1" classname="demotestng.Testparameters">
    <skipped/>
  </testcase> <!-- m1 -->
</testsuite> <!-- demotestng.Testparameters -->
