<?xml version="1.0" encoding="UTF-8"?>
<!-- Generated by org.testng.reporters.JUnitReportReporter -->
<testsuite skipped="0" hostname="DESKTOP-GRFQ9AT" name="com.dataprovider.fristdataprovider" tests="4" failures="0" timestamp="08 Oct 2021 13:26:50 GMT" time="0.015" errors="0">
  <testcase name="testcase_01" time="0.001" classname="com.dataprovider.fristdataprovider"/>
  <testcase name="testcase_01" time="0.001" classname="com.dataprovider.fristdataprovider"/>
  <testcase name="testcase_01" time="0.002" classname="com.dataprovider.fristdataprovider"/>
  <testcase name="testcase_01" time="0.011" classname="com.dataprovider.fristdataprovider"/>
</testsuite> <!-- com.dataprovider.fristdataprovider -->
