<?xml version="1.0" encoding="UTF-8"?>
<!-- Generated by org.testng.reporters.JUnitReportReporter -->
<testsuite skipped="0" hostname="DESKTOP-GRFQ9AT" name="demotestng.Annotationdemo" tests="2" failures="0" timestamp="29 Sep 2021 03:43:46 GMT" time="77.188" errors="0">
  <testcase name="verifyUserRedirectedonRecentPlacementpage" time="53.835" classname="demotestng.Annotationdemo"/>
  <testcase name="VerifyListOfCourses" time="23.353" classname="demotestng.Annotationdemo"/>
</testsuite> <!-- demotestng.Annotationdemo -->
